C:\Program Files\Microsoft Visual Studio\2022\Community\MSBuild\Microsoft\VC\v170\Microsoft.CppBuild.targets(531,5): warning MSB8028: The intermediate directory (x64\Debug\) contains files shared from another project (Assignment1_V2.vcxproj).  This can lead to incorrect clean and rebuild behavior.
  DynamicArray.cpp
  main.cpp
C:\Users\jessy\Downloads\CMPR131_Midterm-Statistic\CMPR131_Midterm-Statistic\A1_V3\A1_V3\Assignment1_V2\main.cpp(166,23): warning C4267: 'argument': conversion from 'size_t' to 'int', possible loss of data
C:\Users\jessy\Downloads\CMPR131_Midterm-Statistic\CMPR131_Midterm-Statistic\A1_V3\A1_V3\Assignment1_V2\Statistics.h(415,20): warning C4267: 'initializing': conversion from 'size_t' to 'int', possible loss of data
C:\Users\jessy\Downloads\CMPR131_Midterm-Statistic\CMPR131_Midterm-Statistic\A1_V3\A1_V3\Assignment1_V2\Statistics.h(398,1): message : while compiling class template member function 'double Statistics<int>::median(void) const'
C:\Users\jessy\Downloads\CMPR131_Midterm-Statistic\CMPR131_Midterm-Statistic\A1_V3\A1_V3\Assignment1_V2\main.cpp(95,67): message : see the first reference to 'Statistics<int>::median' in 'main'
C:\Users\jessy\Downloads\CMPR131_Midterm-Statistic\CMPR131_Midterm-Statistic\A1_V3\A1_V3\Assignment1_V2\main.cpp(32,18): message : see reference to class template instantiation 'Statistics<int>' being compiled
C:\Users\jessy\Downloads\CMPR131_Midterm-Statistic\CMPR131_Midterm-Statistic\A1_V3\A1_V3\Assignment1_V2\Statistics.h(421,38): warning C4267: 'argument': conversion from 'size_t' to 'int', possible loss of data
C:\Users\jessy\Downloads\CMPR131_Midterm-Statistic\CMPR131_Midterm-Statistic\A1_V3\A1_V3\Assignment1_V2\Statistics.h(772,12): warning C4267: 'argument': conversion from 'size_t' to 'int', possible loss of data
C:\Users\jessy\Downloads\CMPR131_Midterm-Statistic\CMPR131_Midterm-Statistic\A1_V3\A1_V3\Assignment1_V2\Statistics.h(759,1): message : while compiling class template member function 'void Statistics<int>::outliers(void) const'
C:\Users\jessy\Downloads\CMPR131_Midterm-Statistic\CMPR131_Midterm-Statistic\A1_V3\A1_V3\Assignment1_V2\main.cpp(112,19): message : see the first reference to 'Statistics<int>::outliers' in 'main'
C:\Users\jessy\Downloads\CMPR131_Midterm-Statistic\CMPR131_Midterm-Statistic\A1_V3\A1_V3\Assignment1_V2\Statistics.h(772,36): warning C4267: 'argument': conversion from 'size_t' to 'int', possible loss of data
C:\Users\jessy\Downloads\CMPR131_Midterm-Statistic\CMPR131_Midterm-Statistic\A1_V3\A1_V3\Assignment1_V2\Statistics.h(774,17): warning C4267: 'argument': conversion from 'size_t' to 'int', possible loss of data
C:\Users\jessy\Downloads\CMPR131_Midterm-Statistic\CMPR131_Midterm-Statistic\A1_V3\A1_V3\Assignment1_V2\Statistics.h(821,19): warning C4267: 'argument': conversion from 'size_t' to 'int', possible loss of data
C:\Users\jessy\Downloads\CMPR131_Midterm-Statistic\CMPR131_Midterm-Statistic\A1_V3\A1_V3\Assignment1_V2\Statistics.h(807,1): message : while compiling class template member function 'void Statistics<int>::meanAbsoluteDeviation(void) const'
C:\Users\jessy\Downloads\CMPR131_Midterm-Statistic\CMPR131_Midterm-Statistic\A1_V3\A1_V3\Assignment1_V2\main.cpp(114,32): message : see the first reference to 'Statistics<int>::meanAbsoluteDeviation' in 'main'
C:\Users\jessy\Downloads\CMPR131_Midterm-Statistic\CMPR131_Midterm-Statistic\A1_V3\A1_V3\Assignment1_V2\Statistics.h(849,34): warning C4267: 'argument': conversion from 'size_t' to 'int', possible loss of data
C:\Users\jessy\Downloads\CMPR131_Midterm-Statistic\CMPR131_Midterm-Statistic\A1_V3\A1_V3\Assignment1_V2\Statistics.h(835,1): message : while compiling class template member function 'void Statistics<int>::rootMeanSquare(void) const'
C:\Users\jessy\Downloads\CMPR131_Midterm-Statistic\CMPR131_Midterm-Statistic\A1_V3\A1_V3\Assignment1_V2\main.cpp(115,25): message : see the first reference to 'Statistics<int>::rootMeanSquare' in 'main'
C:\Users\jessy\Downloads\CMPR131_Midterm-Statistic\CMPR131_Midterm-Statistic\A1_V3\A1_V3\Assignment1_V2\Statistics.h(901,13): warning C4244: 'initializing': conversion from 'size_t' to 'double', possible loss of data
C:\Users\jessy\Downloads\CMPR131_Midterm-Statistic\CMPR131_Midterm-Statistic\A1_V3\A1_V3\Assignment1_V2\Statistics.h(887,1): message : while compiling class template member function 'double Statistics<int>::skewness(void) const'
C:\Users\jessy\Downloads\CMPR131_Midterm-Statistic\CMPR131_Midterm-Statistic\A1_V3\A1_V3\Assignment1_V2\main.cpp(118,63): message : see the first reference to 'Statistics<int>::skewness' in 'main'
C:\Users\jessy\Downloads\CMPR131_Midterm-Statistic\CMPR131_Midterm-Statistic\A1_V3\A1_V3\Assignment1_V2\Statistics.h(949,13): warning C4244: 'initializing': conversion from 'size_t' to 'double', possible loss of data
C:\Users\jessy\Downloads\CMPR131_Midterm-Statistic\CMPR131_Midterm-Statistic\A1_V3\A1_V3\Assignment1_V2\Statistics.h(934,40): message : while compiling class template member function 'double Statistics<int>::kurtosis(void) const'
C:\Users\jessy\Downloads\CMPR131_Midterm-Statistic\CMPR131_Midterm-Statistic\A1_V3\A1_V3\Assignment1_V2\main.cpp(119,63): message : see the first reference to 'Statistics<int>::kurtosis' in 'main'
C:\Users\jessy\Downloads\CMPR131_Midterm-Statistic\CMPR131_Midterm-Statistic\A1_V3\A1_V3\Assignment1_V2\Statistics.h(995,18): warning C4244: 'initializing': conversion from 'size_t' to 'long double', possible loss of data
C:\Users\jessy\Downloads\CMPR131_Midterm-Statistic\CMPR131_Midterm-Statistic\A1_V3\A1_V3\Assignment1_V2\Statistics.h(980,46): message : while compiling class template member function 'double Statistics<int>::kurtosisExcess(void) const'
C:\Users\jessy\Downloads\CMPR131_Midterm-Statistic\CMPR131_Midterm-Statistic\A1_V3\A1_V3\Assignment1_V2\main.cpp(121,76): message : see the first reference to 'Statistics<int>::kurtosisExcess' in 'main'
C:\Users\jessy\Downloads\CMPR131_Midterm-Statistic\CMPR131_Midterm-Statistic\A1_V3\A1_V3\Assignment1_V2\Statistics.h(1104,23): warning C4267: 'argument': conversion from 'size_t' to 'int', possible loss of data
C:\Users\jessy\Downloads\CMPR131_Midterm-Statistic\CMPR131_Midterm-Statistic\A1_V3\A1_V3\Assignment1_V2\Statistics.h(1097,1): message : while compiling class template member function 'std::map<double,size_t,std::less<double>,std::allocator<std::pair<const double,size_t>>> Statistics<int>::displayFrequencyTable(void) const'
C:\Users\jessy\Downloads\CMPR131_Midterm-Statistic\CMPR131_Midterm-Statistic\A1_V3\A1_V3\Assignment1_V2\main.cpp(124,98): message : see the first reference to 'Statistics<int>::displayFrequencyTable' in 'main'
C:\Users\jessy\Downloads\CMPR131_Midterm-Statistic\CMPR131_Midterm-Statistic\A1_V3\A1_V3\Assignment1_V2\Statistics.h(669,24): warning C4267: 'argument': conversion from 'size_t' to 'int', possible loss of data
C:\Users\jessy\Downloads\CMPR131_Midterm-Statistic\CMPR131_Midterm-Statistic\A1_V3\A1_V3\Assignment1_V2\Statistics.h(643,1): message : while compiling class template member function 'Statistics<int>::QuartileValues Statistics<int>::quartilesCalculation(void) const'
C:\Users\jessy\Downloads\CMPR131_Midterm-Statistic\CMPR131_Midterm-Statistic\A1_V3\A1_V3\Assignment1_V2\Statistics.h(716,21): message : see the first reference to 'Statistics<int>::quartilesCalculation' in 'Statistics<int>::quartiles'
C:\Users\jessy\Downloads\CMPR131_Midterm-Statistic\CMPR131_Midterm-Statistic\A1_V3\A1_V3\Assignment1_V2\main.cpp(110,20): message : see the first reference to 'Statistics<int>::quartiles' in 'main'
C:\Users\jessy\Downloads\CMPR131_Midterm-Statistic\CMPR131_Midterm-Statistic\A1_V3\A1_V3\Assignment1_V2\Statistics.h(122,1): message : while compiling class template member function 'T Statistics<T>::minimum(void) const'
          with
          [
              T=int
          ]
C:\Users\jessy\Downloads\CMPR131_Midterm-Statistic\CMPR131_Midterm-Statistic\A1_V3\A1_V3\Assignment1_V2\main.cpp(65,67): message : see the first reference to 'Statistics<int>::minimum' in 'main'
C:\Users\jessy\Downloads\CMPR131_Midterm-Statistic\CMPR131_Midterm-Statistic\A1_V3\A1_V3\Assignment1_V2\Statistics.h(673,39): warning C4267: 'argument': conversion from 'size_t' to 'int', possible loss of data
C:\Users\jessy\Downloads\CMPR131_Midterm-Statistic\CMPR131_Midterm-Statistic\A1_V3\A1_V3\Assignment1_V2\Statistics.h(674,34): warning C4267: 'argument': conversion from 'size_t' to 'int', possible loss of data
C:\Users\jessy\Downloads\CMPR131_Midterm-Statistic\CMPR131_Midterm-Statistic\A1_V3\A1_V3\Assignment1_V2\Statistics.h(699,25): warning C4267: 'argument': conversion from 'size_t' to 'int', possible loss of data
C:\Users\jessy\Downloads\CMPR131_Midterm-Statistic\CMPR131_Midterm-Statistic\A1_V3\A1_V3\Assignment1_V2\Statistics.h(703,52): warning C4267: 'argument': conversion from 'size_t' to 'int', possible loss of data
C:\Users\jessy\Downloads\CMPR131_Midterm-Statistic\CMPR131_Midterm-Statistic\A1_V3\A1_V3\Assignment1_V2\Statistics.h(704,34): warning C4267: 'argument': conversion from 'size_t' to 'int', possible loss of data
  Generating Code...
C:\Users\jessy\Downloads\CMPR131_Midterm-Statistic\CMPR131_Midterm-Statistic\A1_V3\A1_V3\Assignment1_V2\Statistics.h(149): warning C4715: 'Statistics<int>::minimum': not all control paths return a value
C:\Users\jessy\Downloads\CMPR131_Midterm-Statistic\CMPR131_Midterm-Statistic\A1_V3\A1_V3\Assignment1_V2\Statistics.h(184): warning C4715: 'Statistics<int>::maximum': not all control paths return a value
C:\Users\jessy\Downloads\CMPR131_Midterm-Statistic\CMPR131_Midterm-Statistic\A1_V3\A1_V3\Assignment1_V2\Statistics.h(438): warning C4715: 'Statistics<int>::median': not all control paths return a value
C:\Users\jessy\Downloads\CMPR131_Midterm-Statistic\CMPR131_Midterm-Statistic\A1_V3\A1_V3\Assignment1_V2\Statistics.h(497): warning C4715: 'Statistics<int>::mode': not all control paths return a value
C:\Users\jessy\Downloads\CMPR131_Midterm-Statistic\CMPR131_Midterm-Statistic\A1_V3\A1_V3\Assignment1_V2\Statistics.h(272): warning C4715: 'Statistics<int>::sum': not all control paths return a value
C:\Users\jessy\Downloads\CMPR131_Midterm-Statistic\CMPR131_Midterm-Statistic\A1_V3\A1_V3\Assignment1_V2\Statistics.h(220): warning C4715: 'Statistics<int>::range': not all control paths return a value
C:\Users\jessy\Downloads\CMPR131_Midterm-Statistic\CMPR131_Midterm-Statistic\A1_V3\A1_V3\Assignment1_V2\Statistics.h(390): warning C4715: 'Statistics<int>::mean': not all control paths return a value
C:\Users\jessy\Downloads\CMPR131_Midterm-Statistic\CMPR131_Midterm-Statistic\A1_V3\A1_V3\Assignment1_V2\Statistics.h(551): warning C4715: 'Statistics<int>::standardDeviation': not all control paths return a value
C:\Users\jessy\Downloads\CMPR131_Midterm-Statistic\CMPR131_Midterm-Statistic\A1_V3\A1_V3\Assignment1_V2\Statistics.h(597): warning C4715: 'Statistics<int>::variance': not all control paths return a value
C:\Users\jessy\Downloads\CMPR131_Midterm-Statistic\CMPR131_Midterm-Statistic\A1_V3\A1_V3\Assignment1_V2\Statistics.h(632): warning C4715: 'Statistics<int>::midrange': not all control paths return a value
C:\Users\jessy\Downloads\CMPR131_Midterm-Statistic\CMPR131_Midterm-Statistic\A1_V3\A1_V3\Assignment1_V2\Statistics.h(972): warning C4715: 'Statistics<int>::kurtosis': not all control paths return a value
C:\Users\jessy\Downloads\CMPR131_Midterm-Statistic\CMPR131_Midterm-Statistic\A1_V3\A1_V3\Assignment1_V2\Statistics.h(924): warning C4715: 'Statistics<int>::skewness': not all control paths return a value
C:\Users\jessy\Downloads\CMPR131_Midterm-Statistic\CMPR131_Midterm-Statistic\A1_V3\A1_V3\Assignment1_V2\Statistics.h(1087): warning C4715: 'Statistics<int>::relativeStandardDeviation': not all control paths return a value
C:\Users\jessy\Downloads\CMPR131_Midterm-Statistic\CMPR131_Midterm-Statistic\A1_V3\A1_V3\Assignment1_V2\Statistics.h(1022): warning C4715: 'Statistics<int>::kurtosisExcess': not all control paths return a value
C:\Users\jessy\Downloads\CMPR131_Midterm-Statistic\CMPR131_Midterm-Statistic\A1_V3\A1_V3\Assignment1_V2\Statistics.h(1056): warning C4715: 'Statistics<int>::coefficientOfVariation': not all control paths return a value
C:\Users\jessy\Downloads\CMPR131_Midterm-Statistic\CMPR131_Midterm-Statistic\A1_V3\A1_V3\Assignment1_V2\Statistics.h(311): warning C4715: 'Statistics<int>::sumPowSub': not all control paths return a value
C:\Users\jessy\Downloads\CMPR131_Midterm-Statistic\CMPR131_Midterm-Statistic\A1_V3\A1_V3\Assignment1_V2\Statistics.h(350): warning C4715: 'Statistics<int>::sumPowSubDiv': not all control paths return a value
  Assignment1_V2.vcxproj -> C:\Users\jessy\Downloads\CMPR131_Midterm-Statistic\CMPR131_Midterm-Statistic\A1_V3\A1_V3\x64\Debug\Assignment1_V3.exe
