  main.cpp
O:\School\2025 FALL\CMPR - 130\Group Project\A1_V22\A1_V2\Assignment1_V2\main.cpp(30,12): warning C4244: 'argument': conversion from 'time_t' to 'unsigned int', possible loss of data
O:\School\2025 FALL\CMPR - 130\Group Project\A1_V22\A1_V2\Assignment1_V2\main.cpp(62,24): warning C4267: 'argument': conversion from 'size_t' to 'int', possible loss of data
O:\School\2025 FALL\CMPR - 130\Group Project\A1_V22\A1_V2\Assignment1_V2\main.cpp(143,23): warning C4267: 'argument': conversion from 'size_t' to 'int', possible loss of data
O:\School\2025 FALL\CMPR - 130\Group Project\A1_V22\A1_V2\Assignment1_V2\Statistics.h(128,16): warning C4267: 'argument': conversion from 'size_t' to 'int', possible loss of data
  (compiling source file 'main.cpp')
      O:\School\2025 FALL\CMPR - 130\Group Project\A1_V22\A1_V2\Assignment1_V2\Statistics.h(128,16):
      the template instantiation context (the oldest one first) is
          O:\School\2025 FALL\CMPR - 130\Group Project\A1_V22\A1_V2\Assignment1_V2\main.cpp(32,18):
          see reference to class template instantiation 'Statistics<int>' being compiled
          O:\School\2025 FALL\CMPR - 130\Group Project\A1_V22\A1_V2\Assignment1_V2\Statistics.h(124,1):
          while compiling class template member function 'double Statistics<int>::sum(void) const'
              O:\School\2025 FALL\CMPR - 130\Group Project\A1_V22\A1_V2\Assignment1_V2\main.cpp(79,64):
              see the first reference to 'Statistics<int>::sum' in 'main'
  
O:\School\2025 FALL\CMPR - 130\Group Project\A1_V22\A1_V2\Assignment1_V2\Statistics.h(181,19): warning C4267: 'initializing': conversion from 'size_t' to 'int', possible loss of data
  (compiling source file 'main.cpp')
      O:\School\2025 FALL\CMPR - 130\Group Project\A1_V22\A1_V2\Assignment1_V2\Statistics.h(181,19):
      the template instantiation context (the oldest one first) is
          O:\School\2025 FALL\CMPR - 130\Group Project\A1_V22\A1_V2\Assignment1_V2\Statistics.h(175,1):
          while compiling class template member function 'double Statistics<int>::median(void) const'
              O:\School\2025 FALL\CMPR - 130\Group Project\A1_V22\A1_V2\Assignment1_V2\main.cpp(81,67):
              see the first reference to 'Statistics<int>::median' in 'main'
  
O:\School\2025 FALL\CMPR - 130\Group Project\A1_V22\A1_V2\Assignment1_V2\Statistics.h(187,37): warning C4267: 'argument': conversion from 'size_t' to 'int', possible loss of data
  (compiling source file 'main.cpp')
  
O:\School\2025 FALL\CMPR - 130\Group Project\A1_V22\A1_V2\Assignment1_V2\Statistics.h(140,21): warning C4267: 'argument': conversion from 'size_t' to 'int', possible loss of data
  (compiling source file 'main.cpp')
      O:\School\2025 FALL\CMPR - 130\Group Project\A1_V22\A1_V2\Assignment1_V2\Statistics.h(140,21):
      the template instantiation context (the oldest one first) is
          O:\School\2025 FALL\CMPR - 130\Group Project\A1_V22\A1_V2\Assignment1_V2\Statistics.h(112,1):
          while compiling class template member function 'double Statistics<int>::range(void) const'
              O:\School\2025 FALL\CMPR - 130\Group Project\A1_V22\A1_V2\Assignment1_V2\main.cpp(77,66):
              see the first reference to 'Statistics<int>::range' in 'main'
          O:\School\2025 FALL\CMPR - 130\Group Project\A1_V22\A1_V2\Assignment1_V2\Statistics.h(136,1):
          while compiling class template member function 'double Statistics<int>::sumPow(const double &,const double &) const'
              O:\School\2025 FALL\CMPR - 130\Group Project\A1_V22\A1_V2\Assignment1_V2\Statistics.h(241,2):
              see the first reference to 'Statistics<int>::sumPow' in 'Statistics<int>::standardDeviation'
              O:\School\2025 FALL\CMPR - 130\Group Project\A1_V22\A1_V2\Assignment1_V2\main.cpp(83,79):
              see the first reference to 'Statistics<int>::standardDeviation' in 'main'
  
O:\School\2025 FALL\CMPR - 130\Group Project\A1_V22\A1_V2\Assignment1_V2\Statistics.h(140,14): warning C4244: '+=': conversion from 'double' to 'T', possible loss of data
O:\School\2025 FALL\CMPR - 130\Group Project\A1_V22\A1_V2\Assignment1_V2\Statistics.h(140,14): warning C4244:         with
O:\School\2025 FALL\CMPR - 130\Group Project\A1_V22\A1_V2\Assignment1_V2\Statistics.h(140,14): warning C4244:         [
O:\School\2025 FALL\CMPR - 130\Group Project\A1_V22\A1_V2\Assignment1_V2\Statistics.h(140,14): warning C4244:             T=int
O:\School\2025 FALL\CMPR - 130\Group Project\A1_V22\A1_V2\Assignment1_V2\Statistics.h(140,14): warning C4244:         ]
  (compiling source file 'main.cpp')
  
O:\School\2025 FALL\CMPR - 130\Group Project\A1_V22\A1_V2\Assignment1_V2\Statistics.h(153,22): warning C4267: 'argument': conversion from 'size_t' to 'int', possible loss of data
  (compiling source file 'main.cpp')
      O:\School\2025 FALL\CMPR - 130\Group Project\A1_V22\A1_V2\Assignment1_V2\Statistics.h(153,22):
      the template instantiation context (the oldest one first) is
          O:\School\2025 FALL\CMPR - 130\Group Project\A1_V22\A1_V2\Assignment1_V2\Statistics.h(148,1):
          while compiling class template member function 'double Statistics<int>::sumPowDiv(const double &,const double &,const double &) const'
              O:\School\2025 FALL\CMPR - 130\Group Project\A1_V22\A1_V2\Assignment1_V2\Statistics.h(306,3):
              see the first reference to 'Statistics<int>::sumPowDiv' in 'Statistics<int>::skewness'
              O:\School\2025 FALL\CMPR - 130\Group Project\A1_V22\A1_V2\Assignment1_V2\main.cpp(95,69):
              see the first reference to 'Statistics<int>::skewness' in 'main'
  
O:\School\2025 FALL\CMPR - 130\Group Project\A1_V22\A1_V2\Assignment1_V2\Statistics.h(153,50): warning C4244: '+=': conversion from 'double' to 'T', possible loss of data
O:\School\2025 FALL\CMPR - 130\Group Project\A1_V22\A1_V2\Assignment1_V2\Statistics.h(153,50): warning C4244:         with
O:\School\2025 FALL\CMPR - 130\Group Project\A1_V22\A1_V2\Assignment1_V2\Statistics.h(153,50): warning C4244:         [
O:\School\2025 FALL\CMPR - 130\Group Project\A1_V22\A1_V2\Assignment1_V2\Statistics.h(153,50): warning C4244:             T=int
O:\School\2025 FALL\CMPR - 130\Group Project\A1_V22\A1_V2\Assignment1_V2\Statistics.h(153,50): warning C4244:         ]
  (compiling source file 'main.cpp')
  
  Assignment1_V2.vcxproj -> O:\School\2025 FALL\CMPR - 130\Group Project\A1_V22\A1_V2\x64\Debug\Assignment1_V2.exe
  'pwsh.exe' is not recognized as an internal or external command,
  operable program or batch file.
