  DynamicArray.cpp
  main.cpp
X:\School\2025 FALL\CMPR - 130\Group Project\CMPR131_Midterm-Statistic\A1_V3\A1_V3\Assignment1_V2\main.cpp(174,23): warning C4267: 'argument': conversion from 'size_t' to 'int', possible loss of data
X:\School\2025 FALL\CMPR - 130\Group Project\CMPR131_Midterm-Statistic\A1_V3\A1_V3\Assignment1_V2\main.cpp(316,34): warning C4244: 'argument': conversion from '_Ty' to 'const T', possible loss of data
          with
          [
              _Ty=double
          ]
          and
          [
              T=int
          ]
X:\School\2025 FALL\CMPR - 130\Group Project\CMPR131_Midterm-Statistic\A1_V3\A1_V3\Assignment1_V2\Statistics.h(414,20): warning C4267: 'initializing': conversion from 'size_t' to 'int', possible loss of data
X:\School\2025 FALL\CMPR - 130\Group Project\CMPR131_Midterm-Statistic\A1_V3\A1_V3\Assignment1_V2\Statistics.h(397,1): message : while compiling class template member function 'double Statistics<int>::median(void) const'
X:\School\2025 FALL\CMPR - 130\Group Project\CMPR131_Midterm-Statistic\A1_V3\A1_V3\Assignment1_V2\main.cpp(98,67): message : see the first reference to 'Statistics<int>::median' in 'main'
X:\School\2025 FALL\CMPR - 130\Group Project\CMPR131_Midterm-Statistic\A1_V3\A1_V3\Assignment1_V2\main.cpp(34,18): message : see reference to class template instantiation 'Statistics<int>' being compiled
X:\School\2025 FALL\CMPR - 130\Group Project\CMPR131_Midterm-Statistic\A1_V3\A1_V3\Assignment1_V2\Statistics.h(420,38): warning C4267: 'argument': conversion from 'size_t' to 'int', possible loss of data
X:\School\2025 FALL\CMPR - 130\Group Project\CMPR131_Midterm-Statistic\A1_V3\A1_V3\Assignment1_V2\Statistics.h(771,12): warning C4267: 'argument': conversion from 'size_t' to 'int', possible loss of data
X:\School\2025 FALL\CMPR - 130\Group Project\CMPR131_Midterm-Statistic\A1_V3\A1_V3\Assignment1_V2\Statistics.h(758,1): message : while compiling class template member function 'void Statistics<int>::outliers(void) const'
X:\School\2025 FALL\CMPR - 130\Group Project\CMPR131_Midterm-Statistic\A1_V3\A1_V3\Assignment1_V2\main.cpp(108,19): message : see the first reference to 'Statistics<int>::outliers' in 'main'
X:\School\2025 FALL\CMPR - 130\Group Project\CMPR131_Midterm-Statistic\A1_V3\A1_V3\Assignment1_V2\Statistics.h(771,36): warning C4267: 'argument': conversion from 'size_t' to 'int', possible loss of data
X:\School\2025 FALL\CMPR - 130\Group Project\CMPR131_Midterm-Statistic\A1_V3\A1_V3\Assignment1_V2\Statistics.h(773,17): warning C4267: 'argument': conversion from 'size_t' to 'int', possible loss of data
X:\School\2025 FALL\CMPR - 130\Group Project\CMPR131_Midterm-Statistic\A1_V3\A1_V3\Assignment1_V2\Statistics.h(820,19): warning C4267: 'argument': conversion from 'size_t' to 'int', possible loss of data
X:\School\2025 FALL\CMPR - 130\Group Project\CMPR131_Midterm-Statistic\A1_V3\A1_V3\Assignment1_V2\Statistics.h(806,1): message : while compiling class template member function 'void Statistics<int>::meanAbsoluteDeviation(void) const'
X:\School\2025 FALL\CMPR - 130\Group Project\CMPR131_Midterm-Statistic\A1_V3\A1_V3\Assignment1_V2\main.cpp(110,32): message : see the first reference to 'Statistics<int>::meanAbsoluteDeviation' in 'main'
X:\School\2025 FALL\CMPR - 130\Group Project\CMPR131_Midterm-Statistic\A1_V3\A1_V3\Assignment1_V2\Statistics.h(848,34): warning C4267: 'argument': conversion from 'size_t' to 'int', possible loss of data
X:\School\2025 FALL\CMPR - 130\Group Project\CMPR131_Midterm-Statistic\A1_V3\A1_V3\Assignment1_V2\Statistics.h(834,1): message : while compiling class template member function 'void Statistics<int>::rootMeanSquare(void) const'
X:\School\2025 FALL\CMPR - 130\Group Project\CMPR131_Midterm-Statistic\A1_V3\A1_V3\Assignment1_V2\main.cpp(111,25): message : see the first reference to 'Statistics<int>::rootMeanSquare' in 'main'
X:\School\2025 FALL\CMPR - 130\Group Project\CMPR131_Midterm-Statistic\A1_V3\A1_V3\Assignment1_V2\Statistics.h(900,13): warning C4244: 'initializing': conversion from 'size_t' to 'double', possible loss of data
X:\School\2025 FALL\CMPR - 130\Group Project\CMPR131_Midterm-Statistic\A1_V3\A1_V3\Assignment1_V2\Statistics.h(886,1): message : while compiling class template member function 'double Statistics<int>::skewness(void) const'
X:\School\2025 FALL\CMPR - 130\Group Project\CMPR131_Midterm-Statistic\A1_V3\A1_V3\Assignment1_V2\main.cpp(114,63): message : see the first reference to 'Statistics<int>::skewness' in 'main'
X:\School\2025 FALL\CMPR - 130\Group Project\CMPR131_Midterm-Statistic\A1_V3\A1_V3\Assignment1_V2\Statistics.h(948,13): warning C4244: 'initializing': conversion from 'size_t' to 'double', possible loss of data
X:\School\2025 FALL\CMPR - 130\Group Project\CMPR131_Midterm-Statistic\A1_V3\A1_V3\Assignment1_V2\Statistics.h(933,40): message : while compiling class template member function 'double Statistics<int>::kurtosis(void) const'
X:\School\2025 FALL\CMPR - 130\Group Project\CMPR131_Midterm-Statistic\A1_V3\A1_V3\Assignment1_V2\main.cpp(115,63): message : see the first reference to 'Statistics<int>::kurtosis' in 'main'
X:\School\2025 FALL\CMPR - 130\Group Project\CMPR131_Midterm-Statistic\A1_V3\A1_V3\Assignment1_V2\Statistics.h(994,18): warning C4244: 'initializing': conversion from 'size_t' to 'long double', possible loss of data
X:\School\2025 FALL\CMPR - 130\Group Project\CMPR131_Midterm-Statistic\A1_V3\A1_V3\Assignment1_V2\Statistics.h(979,46): message : while compiling class template member function 'double Statistics<int>::kurtosisExcess(void) const'
X:\School\2025 FALL\CMPR - 130\Group Project\CMPR131_Midterm-Statistic\A1_V3\A1_V3\Assignment1_V2\main.cpp(117,76): message : see the first reference to 'Statistics<int>::kurtosisExcess' in 'main'
X:\School\2025 FALL\CMPR - 130\Group Project\CMPR131_Midterm-Statistic\A1_V3\A1_V3\Assignment1_V2\Statistics.h(1103,23): warning C4267: 'argument': conversion from 'size_t' to 'int', possible loss of data
X:\School\2025 FALL\CMPR - 130\Group Project\CMPR131_Midterm-Statistic\A1_V3\A1_V3\Assignment1_V2\Statistics.h(1096,1): message : while compiling class template member function 'std::map<double,size_t,std::less<double>,std::allocator<std::pair<const double,size_t>>> Statistics<int>::displayFrequencyTable(void) const'
X:\School\2025 FALL\CMPR - 130\Group Project\CMPR131_Midterm-Statistic\A1_V3\A1_V3\Assignment1_V2\main.cpp(120,98): message : see the first reference to 'Statistics<int>::displayFrequencyTable' in 'main'
X:\School\2025 FALL\CMPR - 130\Group Project\CMPR131_Midterm-Statistic\A1_V3\A1_V3\Assignment1_V2\Statistics.h(668,24): warning C4267: 'argument': conversion from 'size_t' to 'int', possible loss of data
X:\School\2025 FALL\CMPR - 130\Group Project\CMPR131_Midterm-Statistic\A1_V3\A1_V3\Assignment1_V2\Statistics.h(642,1): message : while compiling class template member function 'Statistics<int>::QuartileValues Statistics<int>::quartilesCalculation(void) const'
X:\School\2025 FALL\CMPR - 130\Group Project\CMPR131_Midterm-Statistic\A1_V3\A1_V3\Assignment1_V2\Statistics.h(715,21): message : see the first reference to 'Statistics<int>::quartilesCalculation' in 'Statistics<int>::quartiles'
X:\School\2025 FALL\CMPR - 130\Group Project\CMPR131_Midterm-Statistic\A1_V3\A1_V3\Assignment1_V2\main.cpp(106,20): message : see the first reference to 'Statistics<int>::quartiles' in 'main'
X:\School\2025 FALL\CMPR - 130\Group Project\CMPR131_Midterm-Statistic\A1_V3\A1_V3\Assignment1_V2\Statistics.h(121,1): message : while compiling class template member function 'T Statistics<T>::minimum(void) const'
          with
          [
              T=int
          ]
X:\School\2025 FALL\CMPR - 130\Group Project\CMPR131_Midterm-Statistic\A1_V3\A1_V3\Assignment1_V2\main.cpp(68,67): message : see the first reference to 'Statistics<int>::minimum' in 'main'
X:\School\2025 FALL\CMPR - 130\Group Project\CMPR131_Midterm-Statistic\A1_V3\A1_V3\Assignment1_V2\Statistics.h(672,39): warning C4267: 'argument': conversion from 'size_t' to 'int', possible loss of data
X:\School\2025 FALL\CMPR - 130\Group Project\CMPR131_Midterm-Statistic\A1_V3\A1_V3\Assignment1_V2\Statistics.h(673,34): warning C4267: 'argument': conversion from 'size_t' to 'int', possible loss of data
X:\School\2025 FALL\CMPR - 130\Group Project\CMPR131_Midterm-Statistic\A1_V3\A1_V3\Assignment1_V2\Statistics.h(698,25): warning C4267: 'argument': conversion from 'size_t' to 'int', possible loss of data
X:\School\2025 FALL\CMPR - 130\Group Project\CMPR131_Midterm-Statistic\A1_V3\A1_V3\Assignment1_V2\Statistics.h(702,52): warning C4267: 'argument': conversion from 'size_t' to 'int', possible loss of data
X:\School\2025 FALL\CMPR - 130\Group Project\CMPR131_Midterm-Statistic\A1_V3\A1_V3\Assignment1_V2\Statistics.h(703,34): warning C4267: 'argument': conversion from 'size_t' to 'int', possible loss of data
  Generating code
  Previous IPDB was built with incompatible compiler, fall back to full compilation.
X:\School\2025 FALL\CMPR - 130\Group Project\CMPR131_Midterm-Statistic\A1_V3\A1_V3\Assignment1_V2\Statistics.h(631): warning C4715: 'Statistics<int>::midrange': not all control paths return a value
X:\School\2025 FALL\CMPR - 130\Group Project\CMPR131_Midterm-Statistic\A1_V3\A1_V3\Assignment1_V2\Statistics.h(437): warning C4715: 'Statistics<int>::median': not all control paths return a value
X:\School\2025 FALL\CMPR - 130\Group Project\CMPR131_Midterm-Statistic\A1_V3\A1_V3\Assignment1_V2\Statistics.h(271): warning C4715: 'Statistics<int>::sum': not all control paths return a value
X:\School\2025 FALL\CMPR - 130\Group Project\CMPR131_Midterm-Statistic\A1_V3\A1_V3\Assignment1_V2\Statistics.h(183): warning C4715: 'Statistics<int>::maximum': not all control paths return a value
X:\School\2025 FALL\CMPR - 130\Group Project\CMPR131_Midterm-Statistic\A1_V3\A1_V3\Assignment1_V2\Statistics.h(148): warning C4715: 'Statistics<int>::minimum': not all control paths return a value
X:\School\2025 FALL\CMPR - 130\Group Project\CMPR131_Midterm-Statistic\A1_V3\A1_V3\Assignment1_V2\Statistics.h(496): warning C4715: 'Statistics<int>::mode': not all control paths return a value
X:\School\2025 FALL\CMPR - 130\Group Project\CMPR131_Midterm-Statistic\A1_V3\A1_V3\Assignment1_V2\Statistics.h(310): warning C4715: 'Statistics<int>::sumPowSub': not all control paths return a value
X:\School\2025 FALL\CMPR - 130\Group Project\CMPR131_Midterm-Statistic\A1_V3\A1_V3\Assignment1_V2\Statistics.h(219): warning C4715: 'Statistics<int>::range': not all control paths return a value
X:\School\2025 FALL\CMPR - 130\Group Project\CMPR131_Midterm-Statistic\A1_V3\A1_V3\Assignment1_V2\Statistics.h(389): warning C4715: 'Statistics<int>::mean': not all control paths return a value
X:\School\2025 FALL\CMPR - 130\Group Project\CMPR131_Midterm-Statistic\A1_V3\A1_V3\Assignment1_V2\Statistics.h(349): warning C4715: 'Statistics<int>::sumPowSubDiv': not all control paths return a value
X:\School\2025 FALL\CMPR - 130\Group Project\CMPR131_Midterm-Statistic\A1_V3\A1_V3\Assignment1_V2\Statistics.h(550): warning C4715: 'Statistics<int>::standardDeviation': not all control paths return a value
X:\School\2025 FALL\CMPR - 130\Group Project\CMPR131_Midterm-Statistic\A1_V3\A1_V3\Assignment1_V2\Statistics.h(596): warning C4715: 'Statistics<int>::variance': not all control paths return a value
X:\School\2025 FALL\CMPR - 130\Group Project\CMPR131_Midterm-Statistic\A1_V3\A1_V3\Assignment1_V2\Statistics.h(1086): warning C4715: 'Statistics<int>::relativeStandardDeviation': not all control paths return a value
X:\School\2025 FALL\CMPR - 130\Group Project\CMPR131_Midterm-Statistic\A1_V3\A1_V3\Assignment1_V2\Statistics.h(1021): warning C4715: 'Statistics<int>::kurtosisExcess': not all control paths return a value
X:\School\2025 FALL\CMPR - 130\Group Project\CMPR131_Midterm-Statistic\A1_V3\A1_V3\Assignment1_V2\Statistics.h(1055): warning C4715: 'Statistics<int>::coefficientOfVariation': not all control paths return a value
X:\School\2025 FALL\CMPR - 130\Group Project\CMPR131_Midterm-Statistic\A1_V3\A1_V3\Assignment1_V2\Statistics.h(971): warning C4715: 'Statistics<int>::kurtosis': not all control paths return a value
X:\School\2025 FALL\CMPR - 130\Group Project\CMPR131_Midterm-Statistic\A1_V3\A1_V3\Assignment1_V2\Statistics.h(923): warning C4715: 'Statistics<int>::skewness': not all control paths return a value
  All 484 functions were compiled because no usable IPDB/IOBJ from previous compilation was found.
  Finished generating code
  Assignment1_V2.vcxproj -> X:\School\2025 FALL\CMPR - 130\Group Project\CMPR131_Midterm-Statistic\A1_V3\A1_V3\x64\Release\Assignment1_V3.exe
  'pwsh.exe' is not recognized as an internal or external command,
  operable program or batch file.
