  main.cpp
C:\Users\jessy\Downloads\CMPR131_Midterm-updated-main-with-delete-missing-case-b\CMPR131_Midterm-updated-main-with-delete-missing-case-b\midterm\midterm\main.cpp(135,14): warning C4244: 'initializing': conversion from 'double' to 'int', possible loss of data
C:\Users\jessy\Downloads\CMPR131_Midterm-updated-main-with-delete-missing-case-b\CMPR131_Midterm-updated-main-with-delete-missing-case-b\midterm\midterm\main.cpp(162,14): warning C4267: 'initializing': conversion from 'size_t' to 'int', possible loss of data
C:\Users\jessy\Downloads\CMPR131_Midterm-updated-main-with-delete-missing-case-b\CMPR131_Midterm-updated-main-with-delete-missing-case-b\midterm\midterm\main.cpp(282,21): warning C4267: 'argument': conversion from 'size_t' to 'int', possible loss of data
C:\Users\jessy\Downloads\CMPR131_Midterm-updated-main-with-delete-missing-case-b\CMPR131_Midterm-updated-main-with-delete-missing-case-b\midterm\midterm\main.cpp(369,14): warning C4244: 'initializing': conversion from 'double' to 'int', possible loss of data
C:\Users\jessy\Downloads\CMPR131_Midterm-updated-main-with-delete-missing-case-b\CMPR131_Midterm-updated-main-with-delete-missing-case-b\midterm\midterm\main.cpp(487,27): warning C4267: 'argument': conversion from 'size_t' to 'int', possible loss of data
C:\Users\jessy\Downloads\CMPR131_Midterm-updated-main-with-delete-missing-case-b\CMPR131_Midterm-updated-main-with-delete-missing-case-b\midterm\midterm\main.cpp(989,8): warning C4101: 'otherInput': unreferenced local variable
C:\Users\jessy\Downloads\CMPR131_Midterm-updated-main-with-delete-missing-case-b\CMPR131_Midterm-updated-main-with-delete-missing-case-b\midterm\midterm\main.cpp(1131,41): warning C4244: 'argument': conversion from '_Ty' to 'const T', possible loss of data
          with
          [
              _Ty=double
          ]
          and
          [
              T=int
          ]
C:\Users\jessy\Downloads\CMPR131_Midterm-updated-main-with-delete-missing-case-b\CMPR131_Midterm-updated-main-with-delete-missing-case-b\midterm\midterm\Statistics.h(291,16): warning C4244: 'initializing': conversion from 'size_t' to 'long double', possible loss of data
C:\Users\jessy\Downloads\CMPR131_Midterm-updated-main-with-delete-missing-case-b\CMPR131_Midterm-updated-main-with-delete-missing-case-b\midterm\midterm\Statistics.h(284,1): message : while compiling class template member function 'double Statistics<int>::mean(void) const'
C:\Users\jessy\Downloads\CMPR131_Midterm-updated-main-with-delete-missing-case-b\CMPR131_Midterm-updated-main-with-delete-missing-case-b\midterm\midterm\main.cpp(216,17): message : see the first reference to 'Statistics<int>::mean' in 'main'
C:\Users\jessy\Downloads\CMPR131_Midterm-updated-main-with-delete-missing-case-b\CMPR131_Midterm-updated-main-with-delete-missing-case-b\midterm\midterm\main.cpp(34,18): message : see reference to class template instantiation 'Statistics<int>' being compiled
C:\Users\jessy\Downloads\CMPR131_Midterm-updated-main-with-delete-missing-case-b\CMPR131_Midterm-updated-main-with-delete-missing-case-b\midterm\midterm\Statistics.h(320,19): warning C4267: 'initializing': conversion from 'size_t' to 'int', possible loss of data
C:\Users\jessy\Downloads\CMPR131_Midterm-updated-main-with-delete-missing-case-b\CMPR131_Midterm-updated-main-with-delete-missing-case-b\midterm\midterm\Statistics.h(305,1): message : while compiling class template member function 'double Statistics<int>::median(void) const'
C:\Users\jessy\Downloads\CMPR131_Midterm-updated-main-with-delete-missing-case-b\CMPR131_Midterm-updated-main-with-delete-missing-case-b\midterm\midterm\main.cpp(243,17): message : see the first reference to 'Statistics<int>::median' in 'main'
C:\Users\jessy\Downloads\CMPR131_Midterm-updated-main-with-delete-missing-case-b\CMPR131_Midterm-updated-main-with-delete-missing-case-b\midterm\midterm\Statistics.h(326,37): warning C4267: 'argument': conversion from 'size_t' to 'int', possible loss of data
C:\Users\jessy\Downloads\CMPR131_Midterm-updated-main-with-delete-missing-case-b\CMPR131_Midterm-updated-main-with-delete-missing-case-b\midterm\midterm\Statistics.h(377,16): warning C4267: '=': conversion from 'size_t' to 'int', possible loss of data
C:\Users\jessy\Downloads\CMPR131_Midterm-updated-main-with-delete-missing-case-b\CMPR131_Midterm-updated-main-with-delete-missing-case-b\midterm\midterm\Statistics.h(336,1): message : while compiling class template member function 'DynamicArray<T> Statistics<T>::mode(void) const'
          with
          [
              T=int
          ]
C:\Users\jessy\Downloads\CMPR131_Midterm-updated-main-with-delete-missing-case-b\CMPR131_Midterm-updated-main-with-delete-missing-case-b\midterm\midterm\main.cpp(272,23): message : see the first reference to 'Statistics<int>::mode' in 'main'
C:\Users\jessy\Downloads\CMPR131_Midterm-updated-main-with-delete-missing-case-b\CMPR131_Midterm-updated-main-with-delete-missing-case-b\midterm\midterm\Statistics.h(390,18): warning C4244: 'argument': conversion from '_Ty1' to 'const T', possible loss of data
          with
          [
              _Ty1=const double
          ]
          and
          [
              T=int
          ]
C:\Users\jessy\Downloads\CMPR131_Midterm-updated-main-with-delete-missing-case-b\CMPR131_Midterm-updated-main-with-delete-missing-case-b\midterm\midterm\Statistics.h(434,16): warning C4244: 'initializing': conversion from 'size_t' to 'long double', possible loss of data
C:\Users\jessy\Downloads\CMPR131_Midterm-updated-main-with-delete-missing-case-b\CMPR131_Midterm-updated-main-with-delete-missing-case-b\midterm\midterm\Statistics.h(406,1): message : while compiling class template member function 'double Statistics<int>::standardDeviation(void) const'
C:\Users\jessy\Downloads\CMPR131_Midterm-updated-main-with-delete-missing-case-b\CMPR131_Midterm-updated-main-with-delete-missing-case-b\midterm\midterm\main.cpp(314,17): message : see the first reference to 'Statistics<int>::standardDeviation' in 'main'
C:\Users\jessy\Downloads\CMPR131_Midterm-updated-main-with-delete-missing-case-b\CMPR131_Midterm-updated-main-with-delete-missing-case-b\midterm\midterm\Statistics.h(528,24): warning C4267: 'argument': conversion from 'size_t' to 'int', possible loss of data
C:\Users\jessy\Downloads\CMPR131_Midterm-updated-main-with-delete-missing-case-b\CMPR131_Midterm-updated-main-with-delete-missing-case-b\midterm\midterm\Statistics.h(502,1): message : while compiling class template member function 'Statistics<int>::QuartileValues Statistics<int>::quartilesCalculation(void) const'
C:\Users\jessy\Downloads\CMPR131_Midterm-updated-main-with-delete-missing-case-b\CMPR131_Midterm-updated-main-with-delete-missing-case-b\midterm\midterm\main.cpp(397,46): message : see the first reference to 'Statistics<int>::quartilesCalculation' in 'main'
C:\Users\jessy\Downloads\CMPR131_Midterm-updated-main-with-delete-missing-case-b\CMPR131_Midterm-updated-main-with-delete-missing-case-b\midterm\midterm\Statistics.h(532,39): warning C4267: 'argument': conversion from 'size_t' to 'int', possible loss of data
C:\Users\jessy\Downloads\CMPR131_Midterm-updated-main-with-delete-missing-case-b\CMPR131_Midterm-updated-main-with-delete-missing-case-b\midterm\midterm\Statistics.h(533,34): warning C4267: 'argument': conversion from 'size_t' to 'int', possible loss of data
C:\Users\jessy\Downloads\CMPR131_Midterm-updated-main-with-delete-missing-case-b\CMPR131_Midterm-updated-main-with-delete-missing-case-b\midterm\midterm\Statistics.h(558,25): warning C4267: 'argument': conversion from 'size_t' to 'int', possible loss of data
C:\Users\jessy\Downloads\CMPR131_Midterm-updated-main-with-delete-missing-case-b\CMPR131_Midterm-updated-main-with-delete-missing-case-b\midterm\midterm\Statistics.h(562,52): warning C4267: 'argument': conversion from 'size_t' to 'int', possible loss of data
C:\Users\jessy\Downloads\CMPR131_Midterm-updated-main-with-delete-missing-case-b\CMPR131_Midterm-updated-main-with-delete-missing-case-b\midterm\midterm\Statistics.h(563,34): warning C4267: 'argument': conversion from 'size_t' to 'int', possible loss of data
C:\Users\jessy\Downloads\CMPR131_Midterm-updated-main-with-delete-missing-case-b\CMPR131_Midterm-updated-main-with-delete-missing-case-b\midterm\midterm\Statistics.h(630,12): warning C4267: 'argument': conversion from 'size_t' to 'int', possible loss of data
C:\Users\jessy\Downloads\CMPR131_Midterm-updated-main-with-delete-missing-case-b\CMPR131_Midterm-updated-main-with-delete-missing-case-b\midterm\midterm\Statistics.h(615,1): message : while compiling class template member function 'DynamicArray<T> Statistics<T>::outliers(void) const'
          with
          [
              T=int
          ]
C:\Users\jessy\Downloads\CMPR131_Midterm-updated-main-with-delete-missing-case-b\CMPR131_Midterm-updated-main-with-delete-missing-case-b\midterm\midterm\main.cpp(478,23): message : see the first reference to 'Statistics<int>::outliers' in 'main'
C:\Users\jessy\Downloads\CMPR131_Midterm-updated-main-with-delete-missing-case-b\CMPR131_Midterm-updated-main-with-delete-missing-case-b\midterm\midterm\Statistics.h(630,36): warning C4267: 'argument': conversion from 'size_t' to 'int', possible loss of data
C:\Users\jessy\Downloads\CMPR131_Midterm-updated-main-with-delete-missing-case-b\CMPR131_Midterm-updated-main-with-delete-missing-case-b\midterm\midterm\Statistics.h(632,30): warning C4267: 'argument': conversion from 'size_t' to 'int', possible loss of data
C:\Users\jessy\Downloads\CMPR131_Midterm-updated-main-with-delete-missing-case-b\CMPR131_Midterm-updated-main-with-delete-missing-case-b\midterm\midterm\Statistics.h(706,19): warning C4267: 'argument': conversion from 'size_t' to 'int', possible loss of data
C:\Users\jessy\Downloads\CMPR131_Midterm-updated-main-with-delete-missing-case-b\CMPR131_Midterm-updated-main-with-delete-missing-case-b\midterm\midterm\Statistics.h(693,1): message : while compiling class template member function 'double Statistics<int>::meanAbsoluteDeviation(void) const'
C:\Users\jessy\Downloads\CMPR131_Midterm-updated-main-with-delete-missing-case-b\CMPR131_Midterm-updated-main-with-delete-missing-case-b\midterm\midterm\main.cpp(558,11): message : see the first reference to 'Statistics<int>::meanAbsoluteDeviation' in 'main'
C:\Users\jessy\Downloads\CMPR131_Midterm-updated-main-with-delete-missing-case-b\CMPR131_Midterm-updated-main-with-delete-missing-case-b\midterm\midterm\Statistics.h(768,12): warning C4244: 'initializing': conversion from 'size_t' to 'double', possible loss of data
C:\Users\jessy\Downloads\CMPR131_Midterm-updated-main-with-delete-missing-case-b\CMPR131_Midterm-updated-main-with-delete-missing-case-b\midterm\midterm\Statistics.h(765,1): message : while compiling class template member function 'double Statistics<int>::skewness(void) const'
C:\Users\jessy\Downloads\CMPR131_Midterm-updated-main-with-delete-missing-case-b\CMPR131_Midterm-updated-main-with-delete-missing-case-b\midterm\midterm\main.cpp(657,17): message : see the first reference to 'Statistics<int>::skewness' in 'main'
C:\Users\jessy\Downloads\CMPR131_Midterm-updated-main-with-delete-missing-case-b\CMPR131_Midterm-updated-main-with-delete-missing-case-b\midterm\midterm\Statistics.h(800,12): warning C4244: 'initializing': conversion from 'size_t' to 'double', possible loss of data
C:\Users\jessy\Downloads\CMPR131_Midterm-updated-main-with-delete-missing-case-b\CMPR131_Midterm-updated-main-with-delete-missing-case-b\midterm\midterm\Statistics.h(787,40): message : while compiling class template member function 'double Statistics<int>::kurtosis(void) const'
C:\Users\jessy\Downloads\CMPR131_Midterm-updated-main-with-delete-missing-case-b\CMPR131_Midterm-updated-main-with-delete-missing-case-b\midterm\midterm\main.cpp(684,17): message : see the first reference to 'Statistics<int>::kurtosis' in 'main'
C:\Users\jessy\Downloads\CMPR131_Midterm-updated-main-with-delete-missing-case-b\CMPR131_Midterm-updated-main-with-delete-missing-case-b\midterm\midterm\Statistics.h(830,17): warning C4244: 'initializing': conversion from 'size_t' to 'long double', possible loss of data
C:\Users\jessy\Downloads\CMPR131_Midterm-updated-main-with-delete-missing-case-b\CMPR131_Midterm-updated-main-with-delete-missing-case-b\midterm\midterm\Statistics.h(817,46): message : while compiling class template member function 'double Statistics<int>::kurtosisExcess(void) const'
C:\Users\jessy\Downloads\CMPR131_Midterm-updated-main-with-delete-missing-case-b\CMPR131_Midterm-updated-main-with-delete-missing-case-b\midterm\midterm\main.cpp(711,17): message : see the first reference to 'Statistics<int>::kurtosisExcess' in 'main'
C:\Users\jessy\Downloads\CMPR131_Midterm-updated-main-with-delete-missing-case-b\CMPR131_Midterm-updated-main-with-delete-missing-case-b\midterm\midterm\Statistics.h(931,23): warning C4267: 'argument': conversion from 'size_t' to 'int', possible loss of data
C:\Users\jessy\Downloads\CMPR131_Midterm-updated-main-with-delete-missing-case-b\CMPR131_Midterm-updated-main-with-delete-missing-case-b\midterm\midterm\Statistics.h(919,1): message : while compiling class template member function 'void Statistics<int>::displayFrequencyTableOut(std::ostream &) const'
C:\Users\jessy\Downloads\CMPR131_Midterm-updated-main-with-delete-missing-case-b\CMPR131_Midterm-updated-main-with-delete-missing-case-b\midterm\midterm\main.cpp(794,35): message : see the first reference to 'Statistics<int>::displayFrequencyTableOut' in 'main'
C:\Users\jessy\Downloads\CMPR131_Midterm-updated-main-with-delete-missing-case-b\CMPR131_Midterm-updated-main-with-delete-missing-case-b\midterm\midterm\Statistics.h(979,17): warning C4267: 'argument': conversion from 'size_t' to 'int', possible loss of data
C:\Users\jessy\Downloads\CMPR131_Midterm-updated-main-with-delete-missing-case-b\CMPR131_Midterm-updated-main-with-delete-missing-case-b\midterm\midterm\Statistics.h(950,1): message : while compiling class template member function 'void Statistics<int>::dataDisplay(std::ostream &)'
C:\Users\jessy\Downloads\CMPR131_Midterm-updated-main-with-delete-missing-case-b\CMPR131_Midterm-updated-main-with-delete-missing-case-b\midterm\midterm\main.cpp(70,22): message : see the first reference to 'Statistics<int>::dataDisplay' in 'main'
C:\Users\jessy\Downloads\CMPR131_Midterm-updated-main-with-delete-missing-case-b\CMPR131_Midterm-updated-main-with-delete-missing-case-b\midterm\midterm\Statistics.h(1038,23): warning C4267: 'argument': conversion from 'size_t' to 'int', possible loss of data
C:\Users\jessy\Downloads\CMPR131_Midterm-updated-main-with-delete-missing-case-b\CMPR131_Midterm-updated-main-with-delete-missing-case-b\midterm\midterm\DynamicArray.cpp(103,13): warning C4267: 'initializing': conversion from 'size_t' to 'int', possible loss of data
C:\Users\jessy\Downloads\CMPR131_Midterm-updated-main-with-delete-missing-case-b\CMPR131_Midterm-updated-main-with-delete-missing-case-b\midterm\midterm\DynamicArray.cpp(82,60): message : while compiling class template member function 'void DynamicArray<T>::sorted_insert(const T &) noexcept'
          with
          [
              T=int
          ]
C:\Users\jessy\Downloads\CMPR131_Midterm-updated-main-with-delete-missing-case-b\CMPR131_Midterm-updated-main-with-delete-missing-case-b\midterm\midterm\main.cpp(1101,28): message : see the first reference to 'DynamicArray<T>::sorted_insert' in 'dataInsert'
          with
          [
              T=int
          ]
C:\Users\jessy\Downloads\CMPR131_Midterm-updated-main-with-delete-missing-case-b\CMPR131_Midterm-updated-main-with-delete-missing-case-b\midterm\midterm\Statistics.h(30,1): message : see reference to class template instantiation 'DynamicArray<T>' being compiled
          with
          [
              T=int
          ]
C:\Users\jessy\Downloads\CMPR131_Midterm-updated-main-with-delete-missing-case-b\CMPR131_Midterm-updated-main-with-delete-missing-case-b\midterm\midterm\Statistics.h(898,23): warning C4267: 'argument': conversion from 'size_t' to 'int', possible loss of data
C:\Users\jessy\Downloads\CMPR131_Midterm-updated-main-with-delete-missing-case-b\CMPR131_Midterm-updated-main-with-delete-missing-case-b\midterm\midterm\Statistics.h(887,1): message : while compiling class template member function 'std::map<double,size_t,std::less<double>,std::allocator<std::pair<const double,size_t>>> Statistics<int>::displayFrequencyTable(void) const'
C:\Users\jessy\Downloads\CMPR131_Midterm-updated-main-with-delete-missing-case-b\CMPR131_Midterm-updated-main-with-delete-missing-case-b\midterm\midterm\Statistics.h(371,22): message : see the first reference to 'Statistics<int>::displayFrequencyTable' in 'Statistics<int>::mode'
C:\Users\jessy\Downloads\CMPR131_Midterm-updated-main-with-delete-missing-case-b\CMPR131_Midterm-updated-main-with-delete-missing-case-b\midterm\midterm\main.cpp(272,23): message : see the first reference to 'Statistics<int>::mode' in 'main'
C:\Users\jessy\Downloads\CMPR131_Midterm-updated-main-with-delete-missing-case-b\CMPR131_Midterm-updated-main-with-delete-missing-case-b\midterm\midterm\Statistics.h(130,1): message : while compiling class template member function 'T Statistics<T>::minimum(void) const'
          with
          [
              T=int
          ]
C:\Users\jessy\Downloads\CMPR131_Midterm-updated-main-with-delete-missing-case-b\CMPR131_Midterm-updated-main-with-delete-missing-case-b\midterm\midterm\main.cpp(81,14): message : see the first reference to 'Statistics<int>::minimum' in 'main'
C:\Users\jessy\Downloads\CMPR131_Midterm-updated-main-with-delete-missing-case-b\CMPR131_Midterm-updated-main-with-delete-missing-case-b\midterm\midterm\Statistics.h(294): warning C4715: 'Statistics<int>::mean': not all control paths return a value
  midterm.vcxproj -> C:\Users\jessy\Downloads\CMPR131_Midterm-updated-main-with-delete-missing-case-b\CMPR131_Midterm-updated-main-with-delete-missing-case-b\midterm\x64\Debug\midterm.exe
  'pwsh.exe' is not recognized as an internal or external command,
  operable program or batch file.
