C:\Program Files\Microsoft Visual Studio\2022\Community\MSBuild\Microsoft\VC\v170\Microsoft.CppBuild.targets(531,5): warning MSB8028: The intermediate directory (x64\Debug\) contains files shared from another project (Assignment1_V2.vcxproj).  This can lead to incorrect clean and rebuild behavior.
  DynamicArray.cpp
  main.cpp
O:\School\2025 FALL\CMPR - 130\Group Project\A1_V3\A1_V3\Assignment1_V2\main.cpp(154,23): warning C4267: 'argument': conversion from 'size_t' to 'int', possible loss of data
O:\School\2025 FALL\CMPR - 130\Group Project\A1_V3\A1_V3\Assignment1_V2\Statistics.h(187,16): warning C4244: 'initializing': conversion from 'size_t' to 'long double', possible loss of data
  (compiling source file 'main.cpp')
      O:\School\2025 FALL\CMPR - 130\Group Project\A1_V3\A1_V3\Assignment1_V2\Statistics.h(187,16):
      the template instantiation context (the oldest one first) is
          O:\School\2025 FALL\CMPR - 130\Group Project\A1_V3\A1_V3\Assignment1_V2\main.cpp(32,18):
          see reference to class template instantiation 'Statistics<int>' being compiled
          O:\School\2025 FALL\CMPR - 130\Group Project\A1_V3\A1_V3\Assignment1_V2\Statistics.h(185,1):
          while compiling class template member function 'double Statistics<int>::mean(void) const'
              O:\School\2025 FALL\CMPR - 130\Group Project\A1_V3\A1_V3\Assignment1_V2\main.cpp(81,65):
              see the first reference to 'Statistics<int>::mean' in 'main'
  
O:\School\2025 FALL\CMPR - 130\Group Project\A1_V3\A1_V3\Assignment1_V2\Statistics.h(200,19): warning C4267: 'initializing': conversion from 'size_t' to 'int', possible loss of data
  (compiling source file 'main.cpp')
      O:\School\2025 FALL\CMPR - 130\Group Project\A1_V3\A1_V3\Assignment1_V2\Statistics.h(200,19):
      the template instantiation context (the oldest one first) is
          O:\School\2025 FALL\CMPR - 130\Group Project\A1_V3\A1_V3\Assignment1_V2\Statistics.h(194,1):
          while compiling class template member function 'double Statistics<int>::median(void) const'
              O:\School\2025 FALL\CMPR - 130\Group Project\A1_V3\A1_V3\Assignment1_V2\main.cpp(82,67):
              see the first reference to 'Statistics<int>::median' in 'main'
  
O:\School\2025 FALL\CMPR - 130\Group Project\A1_V3\A1_V3\Assignment1_V2\Statistics.h(206,37): warning C4267: 'argument': conversion from 'size_t' to 'int', possible loss of data
  (compiling source file 'main.cpp')
  
O:\School\2025 FALL\CMPR - 130\Group Project\A1_V3\A1_V3\Assignment1_V2\Statistics.h(261,16): warning C4244: 'initializing': conversion from 'size_t' to 'long double', possible loss of data
  (compiling source file 'main.cpp')
      O:\School\2025 FALL\CMPR - 130\Group Project\A1_V3\A1_V3\Assignment1_V2\Statistics.h(261,16):
      the template instantiation context (the oldest one first) is
          O:\School\2025 FALL\CMPR - 130\Group Project\A1_V3\A1_V3\Assignment1_V2\Statistics.h(241,1):
          while compiling class template member function 'double Statistics<int>::standardDeviation(void) const'
              O:\School\2025 FALL\CMPR - 130\Group Project\A1_V3\A1_V3\Assignment1_V2\main.cpp(84,79):
              see the first reference to 'Statistics<int>::standardDeviation' in 'main'
  
O:\School\2025 FALL\CMPR - 130\Group Project\A1_V3\A1_V3\Assignment1_V2\Statistics.h(438,12): warning C4267: 'argument': conversion from 'size_t' to 'int', possible loss of data
  (compiling source file 'main.cpp')
      O:\School\2025 FALL\CMPR - 130\Group Project\A1_V3\A1_V3\Assignment1_V2\Statistics.h(438,12):
      the template instantiation context (the oldest one first) is
          O:\School\2025 FALL\CMPR - 130\Group Project\A1_V3\A1_V3\Assignment1_V2\Statistics.h(425,1):
          while compiling class template member function 'void Statistics<int>::outliers(void) const'
              O:\School\2025 FALL\CMPR - 130\Group Project\A1_V3\A1_V3\Assignment1_V2\main.cpp(99,19):
              see the first reference to 'Statistics<int>::outliers' in 'main'
  
O:\School\2025 FALL\CMPR - 130\Group Project\A1_V3\A1_V3\Assignment1_V2\Statistics.h(438,36): warning C4267: 'argument': conversion from 'size_t' to 'int', possible loss of data
  (compiling source file 'main.cpp')
  
O:\School\2025 FALL\CMPR - 130\Group Project\A1_V3\A1_V3\Assignment1_V2\Statistics.h(440,17): warning C4267: 'argument': conversion from 'size_t' to 'int', possible loss of data
  (compiling source file 'main.cpp')
  
O:\School\2025 FALL\CMPR - 130\Group Project\A1_V3\A1_V3\Assignment1_V2\Statistics.h(487,19): warning C4267: 'argument': conversion from 'size_t' to 'int', possible loss of data
  (compiling source file 'main.cpp')
      O:\School\2025 FALL\CMPR - 130\Group Project\A1_V3\A1_V3\Assignment1_V2\Statistics.h(487,19):
      the template instantiation context (the oldest one first) is
          O:\School\2025 FALL\CMPR - 130\Group Project\A1_V3\A1_V3\Assignment1_V2\Statistics.h(473,1):
          while compiling class template member function 'void Statistics<int>::meanAbsoluteDeviation(void) const'
              O:\School\2025 FALL\CMPR - 130\Group Project\A1_V3\A1_V3\Assignment1_V2\main.cpp(101,32):
              see the first reference to 'Statistics<int>::meanAbsoluteDeviation' in 'main'
  
O:\School\2025 FALL\CMPR - 130\Group Project\A1_V3\A1_V3\Assignment1_V2\Statistics.h(515,34): warning C4267: 'argument': conversion from 'size_t' to 'int', possible loss of data
  (compiling source file 'main.cpp')
      O:\School\2025 FALL\CMPR - 130\Group Project\A1_V3\A1_V3\Assignment1_V2\Statistics.h(515,34):
      the template instantiation context (the oldest one first) is
          O:\School\2025 FALL\CMPR - 130\Group Project\A1_V3\A1_V3\Assignment1_V2\Statistics.h(501,1):
          while compiling class template member function 'void Statistics<int>::rootMeanSquare(void) const'
              O:\School\2025 FALL\CMPR - 130\Group Project\A1_V3\A1_V3\Assignment1_V2\main.cpp(102,25):
              see the first reference to 'Statistics<int>::rootMeanSquare' in 'main'
  
O:\School\2025 FALL\CMPR - 130\Group Project\A1_V3\A1_V3\Assignment1_V2\Statistics.h(551,12): warning C4244: 'initializing': conversion from 'size_t' to 'double', possible loss of data
  (compiling source file 'main.cpp')
      O:\School\2025 FALL\CMPR - 130\Group Project\A1_V3\A1_V3\Assignment1_V2\Statistics.h(551,12):
      the template instantiation context (the oldest one first) is
          O:\School\2025 FALL\CMPR - 130\Group Project\A1_V3\A1_V3\Assignment1_V2\Statistics.h(548,1):
          while compiling class template member function 'double Statistics<int>::skewness(void) const'
              O:\School\2025 FALL\CMPR - 130\Group Project\A1_V3\A1_V3\Assignment1_V2\main.cpp(105,63):
              see the first reference to 'Statistics<int>::skewness' in 'main'
  
O:\School\2025 FALL\CMPR - 130\Group Project\A1_V3\A1_V3\Assignment1_V2\Statistics.h(570,12): warning C4244: 'initializing': conversion from 'size_t' to 'double', possible loss of data
  (compiling source file 'main.cpp')
      O:\School\2025 FALL\CMPR - 130\Group Project\A1_V3\A1_V3\Assignment1_V2\Statistics.h(570,12):
      the template instantiation context (the oldest one first) is
          O:\School\2025 FALL\CMPR - 130\Group Project\A1_V3\A1_V3\Assignment1_V2\Statistics.h(563,40):
          while compiling class template member function 'double Statistics<int>::kurtosis(void) const'
              O:\School\2025 FALL\CMPR - 130\Group Project\A1_V3\A1_V3\Assignment1_V2\main.cpp(106,63):
              see the first reference to 'Statistics<int>::kurtosis' in 'main'
  
O:\School\2025 FALL\CMPR - 130\Group Project\A1_V3\A1_V3\Assignment1_V2\Statistics.h(586,17): warning C4244: 'initializing': conversion from 'size_t' to 'long double', possible loss of data
  (compiling source file 'main.cpp')
      O:\School\2025 FALL\CMPR - 130\Group Project\A1_V3\A1_V3\Assignment1_V2\Statistics.h(586,17):
      the template instantiation context (the oldest one first) is
          O:\School\2025 FALL\CMPR - 130\Group Project\A1_V3\A1_V3\Assignment1_V2\Statistics.h(582,46):
          while compiling class template member function 'double Statistics<int>::kurtosisExcess(void) const'
              O:\School\2025 FALL\CMPR - 130\Group Project\A1_V3\A1_V3\Assignment1_V2\main.cpp(108,76):
              see the first reference to 'Statistics<int>::kurtosisExcess' in 'main'
  
O:\School\2025 FALL\CMPR - 130\Group Project\A1_V3\A1_V3\Assignment1_V2\Statistics.h(620,23): warning C4267: 'argument': conversion from 'size_t' to 'int', possible loss of data
  (compiling source file 'main.cpp')
      O:\School\2025 FALL\CMPR - 130\Group Project\A1_V3\A1_V3\Assignment1_V2\Statistics.h(620,23):
      the template instantiation context (the oldest one first) is
          O:\School\2025 FALL\CMPR - 130\Group Project\A1_V3\A1_V3\Assignment1_V2\Statistics.h(615,1):
          while compiling class template member function 'std::map<double,size_t,std::less<double>,std::allocator<std::pair<const double,size_t>>> Statistics<int>::displayFrequencyTable(void) const'
              O:\School\2025 FALL\CMPR - 130\Group Project\A1_V3\A1_V3\Assignment1_V2\main.cpp(111,98):
              see the first reference to 'Statistics<int>::displayFrequencyTable' in 'main'
  
O:\School\2025 FALL\CMPR - 130\Group Project\A1_V3\A1_V3\Assignment1_V2\Statistics.h(335,24): warning C4267: 'argument': conversion from 'size_t' to 'int', possible loss of data
  (compiling source file 'main.cpp')
      O:\School\2025 FALL\CMPR - 130\Group Project\A1_V3\A1_V3\Assignment1_V2\Statistics.h(335,24):
      the template instantiation context (the oldest one first) is
          O:\School\2025 FALL\CMPR - 130\Group Project\A1_V3\A1_V3\Assignment1_V2\Statistics.h(129,1):
          while compiling class template member function 'double Statistics<int>::range(void) const'
              O:\School\2025 FALL\CMPR - 130\Group Project\A1_V3\A1_V3\Assignment1_V2\main.cpp(78,66):
              see the first reference to 'Statistics<int>::range' in 'main'
          O:\School\2025 FALL\CMPR - 130\Group Project\A1_V3\A1_V3\Assignment1_V2\Statistics.h(309,1):
          while compiling class template member function 'Statistics<int>::QuartileValues Statistics<int>::quartilesCalculation(void) const'
              O:\School\2025 FALL\CMPR - 130\Group Project\A1_V3\A1_V3\Assignment1_V2\Statistics.h(382,21):
              see the first reference to 'Statistics<int>::quartilesCalculation' in 'Statistics<int>::quartiles'
              O:\School\2025 FALL\CMPR - 130\Group Project\A1_V3\A1_V3\Assignment1_V2\main.cpp(97,20):
              see the first reference to 'Statistics<int>::quartiles' in 'main'
  
O:\School\2025 FALL\CMPR - 130\Group Project\A1_V3\A1_V3\Assignment1_V2\Statistics.h(339,39): warning C4267: 'argument': conversion from 'size_t' to 'int', possible loss of data
  (compiling source file 'main.cpp')
  
O:\School\2025 FALL\CMPR - 130\Group Project\A1_V3\A1_V3\Assignment1_V2\Statistics.h(340,34): warning C4267: 'argument': conversion from 'size_t' to 'int', possible loss of data
  (compiling source file 'main.cpp')
  
O:\School\2025 FALL\CMPR - 130\Group Project\A1_V3\A1_V3\Assignment1_V2\Statistics.h(365,25): warning C4267: 'argument': conversion from 'size_t' to 'int', possible loss of data
  (compiling source file 'main.cpp')
  
O:\School\2025 FALL\CMPR - 130\Group Project\A1_V3\A1_V3\Assignment1_V2\Statistics.h(369,52): warning C4267: 'argument': conversion from 'size_t' to 'int', possible loss of data
  (compiling source file 'main.cpp')
  
O:\School\2025 FALL\CMPR - 130\Group Project\A1_V3\A1_V3\Assignment1_V2\Statistics.h(370,34): warning C4267: 'argument': conversion from 'size_t' to 'int', possible loss of data
  (compiling source file 'main.cpp')
  
  Generating Code...
O:\School\2025 FALL\CMPR - 130\Group Project\A1_V3\A1_V3\Assignment1_V2\Statistics.h(190,1): warning C4715: 'Statistics<int>::mean': not all control paths return a value
  Assignment1_V2.vcxproj -> O:\School\2025 FALL\CMPR - 130\Group Project\A1_V3\A1_V3\x64\Debug\Assignment1_V3.exe
  'pwsh.exe' is not recognized as an internal or external command,
  operable program or batch file.
